<?xml version="1.0" encoding="UTF-8"?>
<testng-results ignored="0" total="1" passed="1" failed="0" skipped="0">
  <reporter-output>
  </reporter-output>
  <suite started-at="2019-11-29T22:23:15Z" name="Default suite" finished-at="2019-11-29T22:23:30Z" duration-ms="14234">
    <groups>
    </groups>
    <test started-at="2019-11-29T22:23:15Z" name="Default test" finished-at="2019-11-29T22:23:30Z" duration-ms="14234">
      <class name="theItch.TheItch">
        <test-method signature="test()[pri:0, instance:theItch.TheItch@6913c1fb]" started-at="2019-11-29T22:23:15Z" name="test" finished-at="2019-11-29T22:23:30Z" duration-ms="14223" status="PASS">
          <reporter-output>
          </reporter-output>
        </test-method> <!-- test -->
      </class> <!-- theItch.TheItch -->
    </test> <!-- Default test -->
  </suite> <!-- Default suite -->
</testng-results>
